[31-Jan-2022 09:31:29 America/Guayaquil] PHP Fatal error:  Uncaught UnexpectedValueException: The stream or file "/public_html/api/storage/logs/lumen-2022-01-31.log" could not be opened in append mode: Failed to open stream: Permission denied in /public_html/api/vendor/monolog/monolog/src/Monolog/Handler/StreamHandler.php:146
Stack trace:
#0 /public_html/api/vendor/monolog/monolog/src/Monolog/Handler/RotatingFileHandler.php(125): Monolog\Handler\StreamHandler->write(Array)
#1 /public_html/api/vendor/monolog/monolog/src/Monolog/Handler/AbstractProcessingHandler.php(48): Monolog\Handler\RotatingFileHandler->write(Array)
#2 /public_html/api/vendor/monolog/monolog/src/Monolog/Logger.php(327): Monolog\Handler\AbstractProcessingHandler->handle(Array)
#3 /public_html/api/vendor/monolog/monolog/src/Monolog/Logger.php(565): Monolog\Logger->addRecord(400, 'The stream or f...', Array)
#4 /public_html/api/vendor/illuminate/log/Logger.php(183): Monolog\Logger->error('The stream or f...', Array)
#5 /public_html/api/vendor/illuminate/log/Logger.php(94): Illuminate\Log\Logger->writeLog('error', 'The stream or f...', Array)
#6 /public_html/api/vendor/illuminate/log/LogManager.php(590): Illuminate\Log\Logger->error('The stream or f...', Array)
#7 /public_html/api/vendor/laravel/lumen-framework/src/Exceptions/Handler.php(58): Illuminate\Log\LogManager->error('The stream or f...', Array)
#8 /public_html/api/app/Exceptions/Handler.php(38): Laravel\Lumen\Exceptions\Handler->report(Object(UnexpectedValueException))
#9 /public_html/api/vendor/laravel/lumen-framework/src/Concerns/RegistersExceptionHandlers.php(200): App\Exceptions\Handler->report(Object(UnexpectedValueException))
#10 /public_html/api/vendor/laravel/lumen-framework/src/Concerns/RegistersExceptionHandlers.php(51): Laravel\Lumen\Application->handleException(Object(UnexpectedValueException))
#11 [internal function]: Laravel\Lumen\Application->Laravel\Lumen\Concerns\{closure}(Object(UnexpectedValueException))
#12 {main}
  thrown in /public_html/api/vendor/monolog/monolog/src/Monolog/Handler/StreamHandler.php on line 146
[31-Jan-2022 09:32:15 America/Guayaquil] PHP Fatal error:  Uncaught UnexpectedValueException: The stream or file "/public_html/api/storage/logs/lumen-2022-01-31.log" could not be opened in append mode: Failed to open stream: Permission denied in /public_html/api/vendor/monolog/monolog/src/Monolog/Handler/StreamHandler.php:146
Stack trace:
#0 /public_html/api/vendor/monolog/monolog/src/Monolog/Handler/RotatingFileHandler.php(125): Monolog\Handler\StreamHandler->write(Array)
#1 /public_html/api/vendor/monolog/monolog/src/Monolog/Handler/AbstractProcessingHandler.php(48): Monolog\Handler\RotatingFileHandler->write(Array)
#2 /public_html/api/vendor/monolog/monolog/src/Monolog/Logger.php(327): Monolog\Handler\AbstractProcessingHandler->handle(Array)
#3 /public_html/api/vendor/monolog/monolog/src/Monolog/Logger.php(565): Monolog\Logger->addRecord(400, 'The stream or f...', Array)
#4 /public_html/api/vendor/illuminate/log/Logger.php(183): Monolog\Logger->error('The stream or f...', Array)
#5 /public_html/api/vendor/illuminate/log/Logger.php(94): Illuminate\Log\Logger->writeLog('error', 'The stream or f...', Array)
#6 /public_html/api/vendor/illuminate/log/LogManager.php(590): Illuminate\Log\Logger->error('The stream or f...', Array)
#7 /public_html/api/vendor/laravel/lumen-framework/src/Exceptions/Handler.php(58): Illuminate\Log\LogManager->error('The stream or f...', Array)
#8 /public_html/api/app/Exceptions/Handler.php(38): Laravel\Lumen\Exceptions\Handler->report(Object(UnexpectedValueException))
#9 /public_html/api/vendor/laravel/lumen-framework/src/Concerns/RegistersExceptionHandlers.php(200): App\Exceptions\Handler->report(Object(UnexpectedValueException))
#10 /public_html/api/vendor/laravel/lumen-framework/src/Concerns/RegistersExceptionHandlers.php(51): Laravel\Lumen\Application->handleException(Object(UnexpectedValueException))
#11 [internal function]: Laravel\Lumen\Application->Laravel\Lumen\Concerns\{closure}(Object(UnexpectedValueException))
#12 {main}
  thrown in /public_html/api/vendor/monolog/monolog/src/Monolog/Handler/StreamHandler.php on line 146
[31-Jan-2022 09:55:20 America/Guayaquil] PHP Fatal error:  Uncaught UnexpectedValueException: The stream or file "/public_html/api/storage/logs/lumen-2022-01-31.log" could not be opened in append mode: Failed to open stream: Permission denied in /public_html/api/vendor/monolog/monolog/src/Monolog/Handler/StreamHandler.php:146
Stack trace:
#0 /public_html/api/vendor/monolog/monolog/src/Monolog/Handler/RotatingFileHandler.php(125): Monolog\Handler\StreamHandler->write(Array)
#1 /public_html/api/vendor/monolog/monolog/src/Monolog/Handler/AbstractProcessingHandler.php(48): Monolog\Handler\RotatingFileHandler->write(Array)
#2 /public_html/api/vendor/monolog/monolog/src/Monolog/Logger.php(327): Monolog\Handler\AbstractProcessingHandler->handle(Array)
#3 /public_html/api/vendor/monolog/monolog/src/Monolog/Logger.php(565): Monolog\Logger->addRecord(400, 'The stream or f...', Array)
#4 /public_html/api/vendor/illuminate/log/Logger.php(183): Monolog\Logger->error('The stream or f...', Array)
#5 /public_html/api/vendor/illuminate/log/Logger.php(94): Illuminate\Log\Logger->writeLog('error', 'The stream or f...', Array)
#6 /public_html/api/vendor/illuminate/log/LogManager.php(590): Illuminate\Log\Logger->error('The stream or f...', Array)
#7 /public_html/api/vendor/laravel/lumen-framework/src/Exceptions/Handler.php(58): Illuminate\Log\LogManager->error('The stream or f...', Array)
#8 /public_html/api/app/Exceptions/Handler.php(38): Laravel\Lumen\Exceptions\Handler->report(Object(UnexpectedValueException))
#9 /public_html/api/vendor/laravel/lumen-framework/src/Concerns/RegistersExceptionHandlers.php(200): App\Exceptions\Handler->report(Object(UnexpectedValueException))
#10 /public_html/api/vendor/laravel/lumen-framework/src/Concerns/RegistersExceptionHandlers.php(51): Laravel\Lumen\Application->handleException(Object(UnexpectedValueException))
#11 [internal function]: Laravel\Lumen\Application->Laravel\Lumen\Concerns\{closure}(Object(UnexpectedValueException))
#12 {main}
  thrown in /public_html/api/vendor/monolog/monolog/src/Monolog/Handler/StreamHandler.php on line 146
[31-Jan-2022 09:55:41 America/Guayaquil] PHP Fatal error:  Uncaught UnexpectedValueException: The stream or file "/public_html/api/storage/logs/lumen-2022-01-31.log" could not be opened in append mode: Failed to open stream: Permission denied in /public_html/api/vendor/monolog/monolog/src/Monolog/Handler/StreamHandler.php:146
Stack trace:
#0 /public_html/api/vendor/monolog/monolog/src/Monolog/Handler/RotatingFileHandler.php(125): Monolog\Handler\StreamHandler->write(Array)
#1 /public_html/api/vendor/monolog/monolog/src/Monolog/Handler/AbstractProcessingHandler.php(48): Monolog\Handler\RotatingFileHandler->write(Array)
#2 /public_html/api/vendor/monolog/monolog/src/Monolog/Logger.php(327): Monolog\Handler\AbstractProcessingHandler->handle(Array)
#3 /public_html/api/vendor/monolog/monolog/src/Monolog/Logger.php(565): Monolog\Logger->addRecord(400, 'The stream or f...', Array)
#4 /public_html/api/vendor/illuminate/log/Logger.php(183): Monolog\Logger->error('The stream or f...', Array)
#5 /public_html/api/vendor/illuminate/log/Logger.php(94): Illuminate\Log\Logger->writeLog('error', 'The stream or f...', Array)
#6 /public_html/api/vendor/illuminate/log/LogManager.php(590): Illuminate\Log\Logger->error('The stream or f...', Array)
#7 /public_html/api/vendor/laravel/lumen-framework/src/Exceptions/Handler.php(58): Illuminate\Log\LogManager->error('The stream or f...', Array)
#8 /public_html/api/app/Exceptions/Handler.php(38): Laravel\Lumen\Exceptions\Handler->report(Object(UnexpectedValueException))
#9 /public_html/api/vendor/laravel/lumen-framework/src/Concerns/RegistersExceptionHandlers.php(200): App\Exceptions\Handler->report(Object(UnexpectedValueException))
#10 /public_html/api/vendor/laravel/lumen-framework/src/Concerns/RegistersExceptionHandlers.php(51): Laravel\Lumen\Application->handleException(Object(UnexpectedValueException))
#11 [internal function]: Laravel\Lumen\Application->Laravel\Lumen\Concerns\{closure}(Object(UnexpectedValueException))
#12 {main}
  thrown in /public_html/api/vendor/monolog/monolog/src/Monolog/Handler/StreamHandler.php on line 146
[31-Jan-2022 09:59:44 America/Guayaquil] PHP Fatal error:  Uncaught UnexpectedValueException: The stream or file "/public_html/api/storage/logs/lumen-2022-01-31.log" could not be opened in append mode: Failed to open stream: Permission denied in /public_html/api/vendor/monolog/monolog/src/Monolog/Handler/StreamHandler.php:146
Stack trace:
#0 /public_html/api/vendor/monolog/monolog/src/Monolog/Handler/RotatingFileHandler.php(125): Monolog\Handler\StreamHandler->write(Array)
#1 /public_html/api/vendor/monolog/monolog/src/Monolog/Handler/AbstractProcessingHandler.php(48): Monolog\Handler\RotatingFileHandler->write(Array)
#2 /public_html/api/vendor/monolog/monolog/src/Monolog/Logger.php(327): Monolog\Handler\AbstractProcessingHandler->handle(Array)
#3 /public_html/api/vendor/monolog/monolog/src/Monolog/Logger.php(565): Monolog\Logger->addRecord(400, 'The stream or f...', Array)
#4 /public_html/api/vendor/illuminate/log/Logger.php(183): Monolog\Logger->error('The stream or f...', Array)
#5 /public_html/api/vendor/illuminate/log/Logger.php(94): Illuminate\Log\Logger->writeLog('error', 'The stream or f...', Array)
#6 /public_html/api/vendor/illuminate/log/LogManager.php(590): Illuminate\Log\Logger->error('The stream or f...', Array)
#7 /public_html/api/vendor/laravel/lumen-framework/src/Exceptions/Handler.php(58): Illuminate\Log\LogManager->error('The stream or f...', Array)
#8 /public_html/api/app/Exceptions/Handler.php(38): Laravel\Lumen\Exceptions\Handler->report(Object(UnexpectedValueException))
#9 /public_html/api/vendor/laravel/lumen-framework/src/Concerns/RegistersExceptionHandlers.php(200): App\Exceptions\Handler->report(Object(UnexpectedValueException))
#10 /public_html/api/vendor/laravel/lumen-framework/src/Concerns/RegistersExceptionHandlers.php(51): Laravel\Lumen\Application->handleException(Object(UnexpectedValueException))
#11 [internal function]: Laravel\Lumen\Application->Laravel\Lumen\Concerns\{closure}(Object(UnexpectedValueException))
#12 {main}
  thrown in /public_html/api/vendor/monolog/monolog/src/Monolog/Handler/StreamHandler.php on line 146
[31-Jan-2022 10:00:04 America/Guayaquil] PHP Fatal error:  Uncaught UnexpectedValueException: The stream or file "/public_html/api/storage/logs/lumen-2022-01-31.log" could not be opened in append mode: Failed to open stream: Permission denied in /public_html/api/vendor/monolog/monolog/src/Monolog/Handler/StreamHandler.php:146
Stack trace:
#0 /public_html/api/vendor/monolog/monolog/src/Monolog/Handler/RotatingFileHandler.php(125): Monolog\Handler\StreamHandler->write(Array)
#1 /public_html/api/vendor/monolog/monolog/src/Monolog/Handler/AbstractProcessingHandler.php(48): Monolog\Handler\RotatingFileHandler->write(Array)
#2 /public_html/api/vendor/monolog/monolog/src/Monolog/Logger.php(327): Monolog\Handler\AbstractProcessingHandler->handle(Array)
#3 /public_html/api/vendor/monolog/monolog/src/Monolog/Logger.php(565): Monolog\Logger->addRecord(400, 'The stream or f...', Array)
#4 /public_html/api/vendor/illuminate/log/Logger.php(183): Monolog\Logger->error('The stream or f...', Array)
#5 /public_html/api/vendor/illuminate/log/Logger.php(94): Illuminate\Log\Logger->writeLog('error', 'The stream or f...', Array)
#6 /public_html/api/vendor/illuminate/log/LogManager.php(590): Illuminate\Log\Logger->error('The stream or f...', Array)
#7 /public_html/api/vendor/laravel/lumen-framework/src/Exceptions/Handler.php(58): Illuminate\Log\LogManager->error('The stream or f...', Array)
#8 /public_html/api/app/Exceptions/Handler.php(38): Laravel\Lumen\Exceptions\Handler->report(Object(UnexpectedValueException))
#9 /public_html/api/vendor/laravel/lumen-framework/src/Concerns/RegistersExceptionHandlers.php(200): App\Exceptions\Handler->report(Object(UnexpectedValueException))
#10 /public_html/api/vendor/laravel/lumen-framework/src/Concerns/RegistersExceptionHandlers.php(51): Laravel\Lumen\Application->handleException(Object(UnexpectedValueException))
#11 [internal function]: Laravel\Lumen\Application->Laravel\Lumen\Concerns\{closure}(Object(UnexpectedValueException))
#12 {main}
  thrown in /public_html/api/vendor/monolog/monolog/src/Monolog/Handler/StreamHandler.php on line 146
